#
# There is insufficient memory for the Java Runtime Environment to continue.
# Native memory allocation (mmap) failed to map 715849728 bytes for committing reserved memory.
# Possible reasons:
#   The system is out of physical RAM or swap space
#   The process is running with CompressedOops enabled, and the Java Heap may be blocking the growth of the native heap
# Possible solutions:
#   Reduce memory load on the system
#   Increase physical memory or swap space
#   Check if swap backing store is full
#   Decrease Java heap size (-Xmx/-Xms)
#   Decrease number of Java threads
#   Decrease Java thread stack sizes (-Xss)
#   Set larger code cache with -XX:ReservedCodeCacheSize=
# This output file may be truncated or incomplete.
#
#  Out of Memory Error (os_linux.cpp:2749), pid=15842, tid=0x00007ff2326f9700
#
# JRE version:  (8.0_201-b09) (build )
# Java VM: Java HotSpot(TM) 64-Bit Server VM (25.201-b09 mixed mode linux-amd64 compressed oops)
# Failed to write core dump. Core dumps have been disabled. To enable core dumping, try "ulimit -c unlimited" before starting Java again
#

---------------  T H R E A D  ---------------

Current thread (0x00007ff22c00b000):  JavaThread "Unknown thread" [_thread_in_vm, id=15843, stack(0x00007ff2325fa000,0x00007ff2326fa000)]

Stack: [0x00007ff2325fa000,0x00007ff2326fa000],  sp=0x00007ff2326f8470,  free space=1017k
Native frames: (J=compiled Java code, j=interpreted, Vv=VM code, C=native code)
V  [libjvm.so+0xad3525]  VMError::report_and_die()+0x2e5
V  [libjvm.so+0x4e0457]  report_vm_out_of_memory(char const*, int, unsigned long, VMErrorType, char const*)+0x67
V  [libjvm.so+0x9102f0]  os::pd_commit_memory(char*, unsigned long, unsigned long, bool)+0x100
V  [libjvm.so+0x90791f]  os::commit_memory(char*, unsigned long, unsigned long, bool)+0x1f
V  [libjvm.so+0xacf81c]  VirtualSpace::initialize(ReservedSpace, unsigned long)+0x20c
V  [libjvm.so+0x5ecd17]  CardGeneration::CardGeneration(ReservedSpace, unsigned long, int, GenRemSet*)+0xc7
V  [libjvm.so+0xa6e2c2]  TenuredGeneration::TenuredGeneration(ReservedSpace, unsigned long, int, GenRemSet*)+0x42
V  [libjvm.so+0x5ee00d]  GenerationSpec::init(ReservedSpace, int, GenRemSet*)+0xad
V  [libjvm.so+0x5d91af]  GenCollectedHeap::initialize()+0x20f
V  [libjvm.so+0xa9714a]  Universe::initialize_heap()+0x16a
V  [libjvm.so+0xa97433]  universe_init()+0x33
V  [libjvm.so+0x631fd0]  init_globals()+0x50
V  [libjvm.so+0xa79b69]  Threads::create_vm(JavaVMInitArgs*, bool*)+0x409
V  [libjvm.so+0x6d7b4f]  JNI_CreateJavaVM+0x4f
C  [libjli.so+0x7ee4]  JavaMain+0x84
C  [libpthread.so.0+0x76db]  start_thread+0xdb


---------------  P R O C E S S  ---------------

Java Threads: ( => current thread )

Other Threads:

=>0x00007ff22c00b000 (exited) JavaThread "Unknown thread" [_thread_in_vm, id=15843, stack(0x00007ff2325fa000,0x00007ff2326fa000)]

VM state:not at safepoint (not fully initialized)

VM Mutex/Monitor currently owned by a thread: None

heap address: 0x00000000c0000000, size: 1024 MB, Compressed Oops mode: Non-zero based:0x00000000bffff000
Narrow klass base: 0x0000000000000000, Narrow klass shift: 0

GC Heap History (0 events):
No events

Deoptimization events (0 events):
No events

Classes redefined (0 events):
No events

Internal exceptions (0 events):
No events

Events (0 events):
No events


Dynamic libraries:
00400000-00401000 r-xp 00000000 08:01 935246                             /usr/lib/jvm/java-8-oracle/jre/bin/java
00600000-00601000 r--p 00000000 08:01 935246                             /usr/lib/jvm/java-8-oracle/jre/bin/java
00601000-00602000 rw-p 00001000 08:01 935246                             /usr/lib/jvm/java-8-oracle/jre/bin/java
00743000-00764000 rw-p 00000000 00:00 0                                  [heap]
c0000000-d5550000 rw-p 00000000 00:00 0 
7ff222f0c000-7ff22324c000 rw-p 00000000 00:00 0 
7ff22324c000-7ff2233a1000 ---p 00000000 00:00 0 
7ff2233a1000-7ff2233ac000 rw-p 00000000 00:00 0 
7ff2233ac000-7ff2235a2000 ---p 00000000 00:00 0 
7ff2235a2000-7ff223812000 rwxp 00000000 00:00 0 
7ff223812000-7ff22b5a2000 ---p 00000000 00:00 0 
7ff22b5a2000-7ff22b5bd000 r-xp 00000000 08:01 1065403                    /usr/lib/jvm/java-8-oracle/jre/lib/amd64/libzip.so
7ff22b5bd000-7ff22b7bc000 ---p 0001b000 08:01 1065403                    /usr/lib/jvm/java-8-oracle/jre/lib/amd64/libzip.so
7ff22b7bc000-7ff22b7bd000 r--p 0001a000 08:01 1065403                    /usr/lib/jvm/java-8-oracle/jre/lib/amd64/libzip.so
7ff22b7bd000-7ff22b7be000 rw-p 0001b000 08:01 1065403                    /usr/lib/jvm/java-8-oracle/jre/lib/amd64/libzip.so
7ff22b7be000-7ff22b7c9000 r-xp 00000000 08:01 400551                     /lib/x86_64-linux-gnu/libnss_files-2.27.so
7ff22b7c9000-7ff22b9c8000 ---p 0000b000 08:01 400551                     /lib/x86_64-linux-gnu/libnss_files-2.27.so
7ff22b9c8000-7ff22b9c9000 r--p 0000a000 08:01 400551                     /lib/x86_64-linux-gnu/libnss_files-2.27.so
7ff22b9c9000-7ff22b9ca000 rw-p 0000b000 08:01 400551                     /lib/x86_64-linux-gnu/libnss_files-2.27.so
7ff22b9ca000-7ff22b9d0000 rw-p 00000000 00:00 0 
7ff22b9d0000-7ff22b9e7000 r-xp 00000000 08:01 400545                     /lib/x86_64-linux-gnu/libnsl-2.27.so
7ff22b9e7000-7ff22bbe6000 ---p 00017000 08:01 400545                     /lib/x86_64-linux-gnu/libnsl-2.27.so
7ff22bbe6000-7ff22bbe7000 r--p 00016000 08:01 400545                     /lib/x86_64-linux-gnu/libnsl-2.27.so
7ff22bbe7000-7ff22bbe8000 rw-p 00017000 08:01 400545                     /lib/x86_64-linux-gnu/libnsl-2.27.so
7ff22bbe8000-7ff22bbea000 rw-p 00000000 00:00 0 
7ff22bbea000-7ff22bbf5000 r-xp 00000000 08:01 400562                     /lib/x86_64-linux-gnu/libnss_nis-2.27.so
7ff22bbf5000-7ff22bdf4000 ---p 0000b000 08:01 400562                     /lib/x86_64-linux-gnu/libnss_nis-2.27.so
7ff22bdf4000-7ff22bdf5000 r--p 0000a000 08:01 400562                     /lib/x86_64-linux-gnu/libnss_nis-2.27.so
7ff22bdf5000-7ff22bdf6000 rw-p 0000b000 08:01 400562                     /lib/x86_64-linux-gnu/libnss_nis-2.27.so
7ff22bdf6000-7ff22bdfe000 r-xp 00000000 08:01 400547                     /lib/x86_64-linux-gnu/libnss_compat-2.27.so
7ff22bdfe000-7ff22bffe000 ---p 00008000 08:01 400547                     /lib/x86_64-linux-gnu/libnss_compat-2.27.so
7ff22bffe000-7ff22bfff000 r--p 00008000 08:01 400547                     /lib/x86_64-linux-gnu/libnss_compat-2.27.so
7ff22bfff000-7ff22c000000 rw-p 00009000 08:01 400547                     /lib/x86_64-linux-gnu/libnss_compat-2.27.so
7ff22c000000-7ff22c037000 rw-p 00000000 00:00 0 
7ff22c037000-7ff230000000 ---p 00000000 00:00 0 
7ff2300f4000-7ff230120000 r-xp 00000000 08:01 1065397                    /usr/lib/jvm/java-8-oracle/jre/lib/amd64/libjava.so
7ff230120000-7ff230320000 ---p 0002c000 08:01 1065397                    /usr/lib/jvm/java-8-oracle/jre/lib/amd64/libjava.so
7ff230320000-7ff230321000 r--p 0002c000 08:01 1065397                    /usr/lib/jvm/java-8-oracle/jre/lib/amd64/libjava.so
7ff230321000-7ff230323000 rw-p 0002d000 08:01 1065397                    /usr/lib/jvm/java-8-oracle/jre/lib/amd64/libjava.so
7ff230323000-7ff230330000 r-xp 00000000 08:01 1065402                    /usr/lib/jvm/java-8-oracle/jre/lib/amd64/libverify.so
7ff230330000-7ff23052f000 ---p 0000d000 08:01 1065402                    /usr/lib/jvm/java-8-oracle/jre/lib/amd64/libverify.so
7ff23052f000-7ff230531000 r--p 0000c000 08:01 1065402                    /usr/lib/jvm/java-8-oracle/jre/lib/amd64/libverify.so
7ff230531000-7ff230532000 rw-p 0000e000 08:01 1065402                    /usr/lib/jvm/java-8-oracle/jre/lib/amd64/libverify.so
7ff230532000-7ff230539000 r-xp 00000000 08:01 400602                     /lib/x86_64-linux-gnu/librt-2.27.so
7ff230539000-7ff230738000 ---p 00007000 08:01 400602                     /lib/x86_64-linux-gnu/librt-2.27.so
7ff230738000-7ff230739000 r--p 00006000 08:01 400602                     /lib/x86_64-linux-gnu/librt-2.27.so
7ff230739000-7ff23073a000 rw-p 00007000 08:01 400602                     /lib/x86_64-linux-gnu/librt-2.27.so
7ff23073a000-7ff2308d7000 r-xp 00000000 08:01 400524                     /lib/x86_64-linux-gnu/libm-2.27.so
7ff2308d7000-7ff230ad6000 ---p 0019d000 08:01 400524                     /lib/x86_64-linux-gnu/libm-2.27.so
7ff230ad6000-7ff230ad7000 r--p 0019c000 08:01 400524                     /lib/x86_64-linux-gnu/libm-2.27.so
7ff230ad7000-7ff230ad8000 rw-p 0019d000 08:01 400524                     /lib/x86_64-linux-gnu/libm-2.27.so
7ff230ad8000-7ff2317c0000 r-xp 00000000 08:01 1202498                    /usr/lib/jvm/java-8-oracle/jre/lib/amd64/server/libjvm.so
7ff2317c0000-7ff2319bf000 ---p 00ce8000 08:01 1202498                    /usr/lib/jvm/java-8-oracle/jre/lib/amd64/server/libjvm.so
7ff2319bf000-7ff231a55000 r--p 00ce7000 08:01 1202498                    /usr/lib/jvm/java-8-oracle/jre/lib/amd64/server/libjvm.so
7ff231a55000-7ff231a86000 rw-p 00d7d000 08:01 1202498                    /usr/lib/jvm/java-8-oracle/jre/lib/amd64/server/libjvm.so
7ff231a86000-7ff231ac1000 rw-p 00000000 00:00 0 
7ff231ac1000-7ff231ca8000 r-xp 00000000 08:01 400461                     /lib/x86_64-linux-gnu/libc-2.27.so
7ff231ca8000-7ff231ea8000 ---p 001e7000 08:01 400461                     /lib/x86_64-linux-gnu/libc-2.27.so
7ff231ea8000-7ff231eac000 r--p 001e7000 08:01 400461                     /lib/x86_64-linux-gnu/libc-2.27.so
7ff231eac000-7ff231eae000 rw-p 001eb000 08:01 400461                     /lib/x86_64-linux-gnu/libc-2.27.so
7ff231eae000-7ff231eb2000 rw-p 00000000 00:00 0 
7ff231eb2000-7ff231eb5000 r-xp 00000000 08:01 400484                     /lib/x86_64-linux-gnu/libdl-2.27.so
7ff231eb5000-7ff2320b4000 ---p 00003000 08:01 400484                     /lib/x86_64-linux-gnu/libdl-2.27.so
7ff2320b4000-7ff2320b5000 r--p 00002000 08:01 400484                     /lib/x86_64-linux-gnu/libdl-2.27.so
7ff2320b5000-7ff2320b6000 rw-p 00003000 08:01 400484                     /lib/x86_64-linux-gnu/libdl-2.27.so
7ff2320b6000-7ff2320cd000 r-xp 00000000 08:01 1065378                    /usr/lib/jvm/java-8-oracle/jre/lib/amd64/jli/libjli.so
7ff2320cd000-7ff2322cc000 ---p 00017000 08:01 1065378                    /usr/lib/jvm/java-8-oracle/jre/lib/amd64/jli/libjli.so
7ff2322cc000-7ff2322cd000 r--p 00016000 08:01 1065378                    /usr/lib/jvm/java-8-oracle/jre/lib/amd64/jli/libjli.so
7ff2322cd000-7ff2322ce000 rw-p 00017000 08:01 1065378                    /usr/lib/jvm/java-8-oracle/jre/lib/amd64/jli/libjli.so
7ff2322ce000-7ff2322e8000 r-xp 00000000 08:01 400594                     /lib/x86_64-linux-gnu/libpthread-2.27.so
7ff2322e8000-7ff2324e7000 ---p 0001a000 08:01 400594                     /lib/x86_64-linux-gnu/libpthread-2.27.so
7ff2324e7000-7ff2324e8000 r--p 00019000 08:01 400594                     /lib/x86_64-linux-gnu/libpthread-2.27.so
7ff2324e8000-7ff2324e9000 rw-p 0001a000 08:01 400594                     /lib/x86_64-linux-gnu/libpthread-2.27.so
7ff2324e9000-7ff2324ed000 rw-p 00000000 00:00 0 
7ff2324ed000-7ff232514000 r-xp 00000000 08:01 400433                     /lib/x86_64-linux-gnu/ld-2.27.so
7ff2325f9000-7ff2325fa000 ---p 00000000 00:00 0 
7ff2325fa000-7ff2325fd000 ---p 00000000 00:00 0 
7ff2325fd000-7ff2326fe000 rw-p 00000000 00:00 0 
7ff23270a000-7ff232712000 rw-s 00000000 08:01 39581                      /tmp/hsperfdata_eric/15842
7ff232712000-7ff232713000 rw-p 00000000 00:00 0 
7ff232713000-7ff232714000 r--p 00000000 00:00 0 
7ff232714000-7ff232715000 r--p 00027000 08:01 400433                     /lib/x86_64-linux-gnu/ld-2.27.so
7ff232715000-7ff232716000 rw-p 00028000 08:01 400433                     /lib/x86_64-linux-gnu/ld-2.27.so
7ff232716000-7ff232717000 rw-p 00000000 00:00 0 
7ffd86872000-7ffd86894000 rw-p 00000000 00:00 0                          [stack]
7ffd868ff000-7ffd86902000 r--p 00000000 00:00 0                          [vvar]
7ffd86902000-7ffd86904000 r-xp 00000000 00:00 0                          [vdso]
ffffffffff600000-ffffffffff601000 r-xp 00000000 00:00 0                  [vsyscall]

VM Arguments:
jvm_args: -Xms1024m -Xmx1024m -XX:ReservedCodeCacheSize=128m -XX:MaxMetaspaceSize=256m 
java_command: /usr/share/sbt/bin/sbt-launch.jar
java_class_path (initial): /usr/share/sbt/bin/sbt-launch.jar
Launcher Type: SUN_STANDARD

Environment Variables:
JAVA_HOME=/usr/lib/jvm/java-8-oracle
PATH=/home/eric/miniconda2/bin:/home/eric/miniconda2/condabin:/usr/local/sbin:/usr/local/bin:/usr/sbin:/usr/bin:/sbin:/bin:/usr/games:/usr/local/games:/snap/bin:/usr/lib/jvm/java-8-oracle/bin:/usr/lib/jvm/java-8-oracle/db/bin:/usr/lib/jvm/java-8-oracle/jre/bin:/home/hadoop/hadoop-2.8.5/sbin:/home/hadoop/hadoop-2.8.5/bin:/home/hadoop/hadoop-2.8.5/sbin:/home/hadoop/hadoop-2.8.5/bin:/home/hadoop/hadoop-2.8.5/sbin:/home/hadoop/hadoop-2.8.5/bin
USERNAME=eric
SHELL=/bin/bash
DISPLAY=:0

Signal Handlers:
SIGSEGV: [libjvm.so+0xad3e60], sa_mask[0]=11111111011111111101111111111110, sa_flags=SA_RESTART|SA_SIGINFO
SIGBUS: [libjvm.so+0xad3e60], sa_mask[0]=11111111011111111101111111111110, sa_flags=SA_RESTART|SA_SIGINFO
SIGFPE: [libjvm.so+0x90b880], sa_mask[0]=11111111011111111101111111111110, sa_flags=SA_RESTART|SA_SIGINFO
SIGPIPE: [libjvm.so+0x90b880], sa_mask[0]=11111111011111111101111111111110, sa_flags=SA_RESTART|SA_SIGINFO
SIGXFSZ: [libjvm.so+0x90b880], sa_mask[0]=11111111011111111101111111111110, sa_flags=SA_RESTART|SA_SIGINFO
SIGILL: [libjvm.so+0x90b880], sa_mask[0]=11111111011111111101111111111110, sa_flags=SA_RESTART|SA_SIGINFO
SIGUSR1: SIG_DFL, sa_mask[0]=00000000000000000000000000000000, sa_flags=none
SIGUSR2: [libjvm.so+0x90b750], sa_mask[0]=00000000000000000000000000000000, sa_flags=SA_RESTART|SA_SIGINFO
SIGHUP: SIG_DFL, sa_mask[0]=00000000000000000000000000000000, sa_flags=none
SIGINT: SIG_DFL, sa_mask[0]=00000000000000000000000000000000, sa_flags=none
SIGTERM: SIG_DFL, sa_mask[0]=00000000000000000000000000000000, sa_flags=none
SIGQUIT: SIG_DFL, sa_mask[0]=00000000000000000000000000000000, sa_flags=none


---------------  S Y S T E M  ---------------

OS:DISTRIB_ID=Ubuntu
DISTRIB_RELEASE=18.04
DISTRIB_CODENAME=bionic
DISTRIB_DESCRIPTION="Ubuntu 18.04.2 LTS"

uname:Linux 4.15.0-47-generic #50-Ubuntu SMP Wed Mar 13 10:44:52 UTC 2019 x86_64
libc:glibc 2.27 NPTL 2.27 
rlimit: STACK 8192k, CORE 0k, NPROC 20147, NOFILE 4096, AS infinity
load average:0.05 0.13 0.21

/proc/meminfo:
MemTotal:        5200936 kB
MemFree:          116336 kB
MemAvailable:     225484 kB
Buffers:           13100 kB
Cached:           783828 kB
SwapCached:         5520 kB
Active:          2381024 kB
Inactive:        1005236 kB
Active(anon):    2281112 kB
Inactive(anon):   805984 kB
Active(file):      99912 kB
Inactive(file):   199252 kB
Unevictable:     1499492 kB
Mlocked:         1499492 kB
SwapTotal:        483800 kB
SwapFree:              0 kB
Dirty:               152 kB
Writeback:             0 kB
AnonPages:       4083844 kB
Mapped:           570780 kB
Shmem:            471444 kB
Slab:              93932 kB
SReclaimable:      35468 kB
SUnreclaim:        58464 kB
KernelStack:       12208 kB
PageTables:        47276 kB
NFS_Unstable:          0 kB
Bounce:                0 kB
WritebackTmp:          0 kB
CommitLimit:     3084268 kB
Committed_AS:   11844264 kB
VmallocTotal:   34359738367 kB
VmallocUsed:           0 kB
VmallocChunk:          0 kB
HardwareCorrupted:     0 kB
AnonHugePages:         0 kB
ShmemHugePages:        0 kB
ShmemPmdMapped:        0 kB
CmaTotal:              0 kB
CmaFree:               0 kB
HugePages_Total:       0
HugePages_Free:        0
HugePages_Rsvd:        0
HugePages_Surp:        0
Hugepagesize:       2048 kB
DirectMap4k:      176064 kB
DirectMap2M:     5199872 kB

container (cgroup) information:
container_type: cgroupv1
cpu_cpuset_cpus: 0
cpu_memory_nodes: 0
active_processor_count: 1
cpu_quota: -1
cpu_period: 100000
cpu_shares: -1
memory_limit_in_bytes: -1
memory_and_swap_limit_in_bytes: -2
memory_soft_limit_in_bytes: -1
memory_usage_in_bytes: 3408576512
memory_max_usage_in_bytes: 3500257280


CPU:total 1 (initial active 1) (1 cores per cpu, 1 threads per core) family 6 model 158 stepping 9, cmov, cx8, fxsr, mmx, sse, sse2, sse3, ssse3, sse4.1, sse4.2, popcnt, avx, avx2, aes, clmul, 3dnowpref, lzcnt, tsc, tscinvbit

/proc/cpuinfo:
processor	: 0
vendor_id	: GenuineIntel
cpu family	: 6
model		: 158
model name	: Intel(R) Core(TM) i5-7300HQ CPU @ 2.50GHz
stepping	: 9
cpu MHz		: 2496.002
cache size	: 6144 KB
physical id	: 0
siblings	: 1
core id		: 0
cpu cores	: 1
apicid		: 0
initial apicid	: 0
fpu		: yes
fpu_exception	: yes
cpuid level	: 22
wp		: yes
flags		: fpu vme de pse tsc msr pae mce cx8 apic sep mtrr pge mca cmov pat pse36 clflush mmx fxsr sse sse2 syscall nx rdtscp lm constant_tsc rep_good nopl xtopology nonstop_tsc cpuid pni pclmulqdq monitor ssse3 cx16 pcid sse4_1 sse4_2 x2apic movbe popcnt aes xsave avx rdrand hypervisor lahf_lm abm 3dnowprefetch invpcid_single pti fsgsbase avx2 invpcid rdseed clflushopt
bugs		: cpu_meltdown spectre_v1 spectre_v2 spec_store_bypass l1tf
bogomips	: 4992.00
clflush size	: 64
cache_alignment	: 64
address sizes	: 39 bits physical, 48 bits virtual
power management:



Memory: 4k page, physical 5200936k(116336k free), swap 483800k(0k free)

vm_info: Java HotSpot(TM) 64-Bit Server VM (25.201-b09) for linux-amd64 JRE (1.8.0_201-b09), built on Dec 15 2018 11:35:59 by "java_re" with gcc 7.3.0

time: Thu Apr  4 23:33:56 2019
timezone: CEST
elapsed time: 0 seconds (0d 0h 0m 0s)

